[0.022s] Invoking command in '/colcon_ws/build/robot_controller': CMAKE_PREFIX_PATH=/opt/ros/foxy /usr/bin/cmake /colcon_ws/src/robot_controller -DCMAKE_INSTALL_PREFIX=/colcon_ws/install/robot_controller
[0.086s] -- The C compiler identification is GNU 9.4.0
[0.123s] -- The CXX compiler identification is GNU 9.4.0
[0.125s] -- Check for working C compiler: /usr/bin/cc
[0.172s] -- Check for working C compiler: /usr/bin/cc -- works
[0.172s] -- Detecting C compiler ABI info
[0.231s] -- Detecting C compiler ABI info - done
[0.240s] -- Detecting C compile features
[0.240s] -- Detecting C compile features - done
[0.241s] -- Check for working CXX compiler: /usr/bin/c++
[0.294s] -- Check for working CXX compiler: /usr/bin/c++ -- works
[0.296s] -- Detecting CXX compiler ABI info
[0.356s] -- Detecting CXX compiler ABI info - done
[0.365s] -- Detecting CXX compile features
[0.365s] -- Detecting CXX compile features - done
[0.367s] -- Found ament_cmake: 0.9.12 (/opt/ros/foxy/share/ament_cmake/cmake)
[0.380s] -- Found PythonInterp: /usr/bin/python3 (found suitable version "3.8.10", minimum required is "3") 
[0.380s] -- Using PYTHON_EXECUTABLE: /usr/bin/python3
[0.469s] -- Found ament_lint_auto: 0.9.8 (/opt/ros/foxy/share/ament_lint_auto/cmake)
[0.505s] -- Added test 'copyright' to check source files copyright and LICENSE
[0.506s] -- Added test 'lint_cmake' to check CMake code style
[0.506s] -- Added test 'xmllint' to check XML markup files
[0.507s] -- Configuring done
[0.508s] -- Generating done
[0.509s] -- Build files have been written to: /colcon_ws/build/robot_controller
[0.514s] Invoked command in '/colcon_ws/build/robot_controller' returned '0': CMAKE_PREFIX_PATH=/opt/ros/foxy /usr/bin/cmake /colcon_ws/src/robot_controller -DCMAKE_INSTALL_PREFIX=/colcon_ws/install/robot_controller
[0.518s] Invoking command in '/colcon_ws/build/robot_controller': CMAKE_PREFIX_PATH=/opt/ros/foxy /usr/bin/cmake --build /colcon_ws/build/robot_controller -- -j24 -l24
[0.563s] Invoked command in '/colcon_ws/build/robot_controller' returned '0': CMAKE_PREFIX_PATH=/opt/ros/foxy /usr/bin/cmake --build /colcon_ws/build/robot_controller -- -j24 -l24
[0.565s] Invoking command in '/colcon_ws/build/robot_controller': CMAKE_PREFIX_PATH=/opt/ros/foxy /usr/bin/cmake --install /colcon_ws/build/robot_controller
[0.572s] -- Install configuration: ""
[0.573s] -- Installing: /colcon_ws/install/robot_controller/share/ament_index/resource_index/package_run_dependencies/robot_controller
[0.573s] -- Installing: /colcon_ws/install/robot_controller/share/ament_index/resource_index/parent_prefix_path/robot_controller
[0.573s] -- Installing: /colcon_ws/install/robot_controller/share/robot_controller/environment/ament_prefix_path.sh
[0.573s] -- Installing: /colcon_ws/install/robot_controller/share/robot_controller/environment/ament_prefix_path.dsv
[0.573s] -- Installing: /colcon_ws/install/robot_controller/share/robot_controller/environment/path.sh
[0.573s] -- Installing: /colcon_ws/install/robot_controller/share/robot_controller/environment/path.dsv
[0.573s] -- Installing: /colcon_ws/install/robot_controller/share/robot_controller/local_setup.bash
[0.573s] -- Installing: /colcon_ws/install/robot_controller/share/robot_controller/local_setup.sh
[0.573s] -- Installing: /colcon_ws/install/robot_controller/share/robot_controller/local_setup.zsh
[0.573s] -- Installing: /colcon_ws/install/robot_controller/share/robot_controller/local_setup.dsv
[0.573s] -- Installing: /colcon_ws/install/robot_controller/share/robot_controller/package.dsv
[0.573s] -- Installing: /colcon_ws/install/robot_controller/share/ament_index/resource_index/packages/robot_controller
[0.573s] -- Installing: /colcon_ws/install/robot_controller/share/robot_controller/cmake/robot_controllerConfig.cmake
[0.573s] -- Installing: /colcon_ws/install/robot_controller/share/robot_controller/cmake/robot_controllerConfig-version.cmake
[0.573s] -- Installing: /colcon_ws/install/robot_controller/share/robot_controller/package.xml
[0.582s] Invoked command in '/colcon_ws/build/robot_controller' returned '0': CMAKE_PREFIX_PATH=/opt/ros/foxy /usr/bin/cmake --install /colcon_ws/build/robot_controller
