[0.017s] Invoking command in '/colcon_ws/build/robot_description': CMAKE_PREFIX_PATH=/opt/ros/foxy /usr/bin/cmake /colcon_ws/src/robot_description -DCMAKE_INSTALL_PREFIX=/colcon_ws/install/robot_description
[0.073s] -- The C compiler identification is GNU 9.4.0
[0.110s] -- The CXX compiler identification is GNU 9.4.0
[0.112s] -- Check for working C compiler: /usr/bin/cc
[0.168s] -- Check for working C compiler: /usr/bin/cc -- works
[0.168s] -- Detecting C compiler ABI info
[0.223s] -- Detecting C compiler ABI info - done
[0.227s] -- Detecting C compile features
[0.227s] -- Detecting C compile features - done
[0.228s] -- Check for working CXX compiler: /usr/bin/c++
[0.286s] -- Check for working CXX compiler: /usr/bin/c++ -- works
[0.287s] -- Detecting CXX compiler ABI info
[0.346s] -- Detecting CXX compiler ABI info - done
[0.352s] -- Detecting CXX compile features
[0.352s] -- Detecting CXX compile features - done
[0.353s] -- Found ament_cmake: 0.9.12 (/opt/ros/foxy/share/ament_cmake/cmake)
[0.365s] -- Found PythonInterp: /usr/bin/python3 (found suitable version "3.8.10", minimum required is "3") 
[0.365s] -- Using PYTHON_EXECUTABLE: /usr/bin/python3
[0.460s] -- Found gazebo_ros: 3.5.3 (/opt/ros/foxy/share/gazebo_ros/cmake)
[0.483s] -- Using all available rosidl_typesupport_c: rosidl_typesupport_fastrtps_c;rosidl_typesupport_introspection_c
[0.486s] -- Found rosidl_adapter: 1.3.1 (/opt/ros/foxy/share/rosidl_adapter/cmake)
[0.580s] -- Found OpenSSL: /usr/lib/x86_64-linux-gnu/libcrypto.so (found version "1.1.1f")  
[0.602s] -- Found FastRTPS: /opt/ros/foxy/include  
[0.653s] -- Using all available rosidl_typesupport_cpp: rosidl_typesupport_fastrtps_cpp;rosidl_typesupport_introspection_cpp
[0.676s] -- Found rmw_implementation_cmake: 1.0.4 (/opt/ros/foxy/share/rmw_implementation_cmake/cmake)
[0.676s] -- Using RMW implementation 'rmw_fastrtps_cpp' as default
[0.677s] -- Looking for pthread.h
[0.758s] -- Looking for pthread.h - found
[0.759s] -- Performing Test CMAKE_HAVE_LIBC_PTHREAD
[0.846s] -- Performing Test CMAKE_HAVE_LIBC_PTHREAD - Failed
[0.846s] -- Looking for pthread_create in pthreads
[0.906s] -- Looking for pthread_create in pthreads - not found
[0.906s] -- Looking for pthread_create in pthread
[0.979s] -- Looking for pthread_create in pthread - found
[0.979s] -- Found Threads: TRUE  
[1.053s] -- Found PkgConfig: /usr/bin/pkg-config (found version "0.29.1") 
[1.055s] -- Checking for module 'bullet>=2.82'
[1.089s] --   Found bullet, version 2.88
[1.333s] -- Found ccd: /usr/include (found suitable version "2.0", minimum required is "2.0") 
[1.479s] -- Found fcl: /usr/include (found suitable version "0.5.0", minimum required is "0.3.2") 
[1.613s] -- Found assimp: /usr/include (found version "5.0.0") 
[1.625s] -- Found DART: /usr/include (Required is at least version "6.6") found components: dart 
[1.641s] -- Found Boost: /usr/lib/x86_64-linux-gnu/cmake/Boost-1.71.0/BoostConfig.cmake (found suitable version "1.71.0", minimum required is "1.40.0") found components: thread system filesystem program_options regex iostreams date_time 
[1.654s] -- Found Protobuf: /usr/lib/x86_64-linux-gnu/libprotobuf.so;-lpthread (found version "3.6.1") 
[1.656s] -- Looking for ignition-math6 -- found version 6.15.1
[1.659s] -- Searching for dependencies of ignition-math6
[1.660s] -- Looking for OGRE...
[1.660s] -- OGRE_PREFIX_WATCH changed.
[1.669s] -- Checking for module 'OGRE'
[1.700s] --   Found OGRE, version 1.9.0
[1.796s] -- Found Ogre Ghadamon (1.9.0)
[1.803s] -- Found OGRE: optimized;/usr/lib/x86_64-linux-gnu/libOgreMain.so;debug;/usr/lib/x86_64-linux-gnu/libOgreMain.so
[1.808s] -- Looking for OGRE_Paging...
[1.810s] -- Found OGRE_Paging: optimized;/usr/lib/x86_64-linux-gnu/libOgrePaging.so;debug;/usr/lib/x86_64-linux-gnu/libOgrePaging.so
[1.811s] -- Looking for OGRE_Terrain...
[1.812s] -- Found OGRE_Terrain: optimized;/usr/lib/x86_64-linux-gnu/libOgreTerrain.so;debug;/usr/lib/x86_64-linux-gnu/libOgreTerrain.so
[1.812s] -- Looking for OGRE_Property...
[1.814s] -- Found OGRE_Property: optimized;/usr/lib/x86_64-linux-gnu/libOgreProperty.so;debug;/usr/lib/x86_64-linux-gnu/libOgreProperty.so
[1.814s] -- Looking for OGRE_RTShaderSystem...
[1.815s] -- Found OGRE_RTShaderSystem: optimized;/usr/lib/x86_64-linux-gnu/libOgreRTShaderSystem.so;debug;/usr/lib/x86_64-linux-gnu/libOgreRTShaderSystem.so
[1.815s] -- Looking for OGRE_Volume...
[1.817s] -- Found OGRE_Volume: optimized;/usr/lib/x86_64-linux-gnu/libOgreVolume.so;debug;/usr/lib/x86_64-linux-gnu/libOgreVolume.so
[1.817s] -- Looking for OGRE_Overlay...
[1.818s] -- Found OGRE_Overlay: optimized;/usr/lib/x86_64-linux-gnu/libOgreOverlay.so;debug;/usr/lib/x86_64-linux-gnu/libOgreOverlay.so
[1.851s] -- Looking for ignition-math6 -- found version 6.15.1
[1.852s] -- Looking for ignition-transport8 -- found version 8.5.1
[1.852s] -- Searching for dependencies of ignition-transport8
[1.875s] -- Config-file not installed for ZeroMQ -- checking for pkg-config
[1.878s] -- Checking for module 'libzmq >= 4'
[1.911s] --   Found libzmq , version 4.3.2
[2.003s] -- Found ZeroMQ: TRUE (Required is at least version "4") 
[2.008s] -- Checking for module 'uuid'
[2.038s] --   Found uuid, version 2.34.0
[2.132s] -- Found UUID: TRUE  
[2.134s] -- Looking for ignition-msgs5 -- found version 5.11.1
[2.135s] -- Searching for dependencies of ignition-msgs5
[2.153s] -- Looking for ignition-math6 -- found version 6.15.1
[2.163s] -- Checking for module 'tinyxml2'
[2.183s] --   Found tinyxml2, version 6.2.0
[2.280s] -- Looking for ignition-msgs5 -- found version 5.11.1
[2.280s] -- Looking for ignition-common3 -- found version 3.17.1
[2.281s] -- Searching for dependencies of ignition-common3
[2.281s] -- Looking for dlfcn.h - found
[2.281s] -- Looking for libdl - found
[2.282s] -- Found DL: TRUE  
[2.290s] -- Searching for <ignition-common3> component [graphics]
[2.291s] -- Looking for ignition-common3-graphics -- found version 3.17.1
[2.291s] -- Searching for dependencies of ignition-common3-graphics
[2.291s] -- Looking for ignition-math6 -- found version 6.15.1
[2.293s] -- Looking for ignition-fuel_tools4 -- found version 4.9.2
[2.302s] -- Searching for dependencies of ignition-fuel_tools4
[2.462s] -- Found CURL: /usr/lib/x86_64-linux-gnu/libcurl.so (found version "7.68.0")  
[2.474s] -- Checking for module 'jsoncpp'
[2.510s] --   Found jsoncpp, version 1.7.4
[2.613s] -- Found JSONCPP: TRUE  
[2.624s] -- Checking for module 'libzip'
[2.659s] --   Found libzip, version 1.5.1
[2.761s] -- Found ZIP: TRUE  
[2.761s] -- Looking for ignition-common3 -- found version 3.17.1
[2.762s] -- Looking for ignition-math6 -- found version 6.15.1
[2.762s] -- Looking for ignition-msgs5 -- found version 5.11.1
[2.763s] -- Gazebo version: 11.15
[2.767s] -- Found ament_lint_auto: 0.9.8 (/opt/ros/foxy/share/ament_lint_auto/cmake)
[2.806s] -- Added test 'copyright' to check source files copyright and LICENSE
[2.807s] -- Added test 'flake8' to check Python code syntax and style conventions
[2.808s] -- Added test 'lint_cmake' to check CMake code style
[2.808s] -- Added test 'pep257' to check Python code against some of the style conventions in PEP 257
[2.809s] -- Added test 'xmllint' to check XML markup files
[2.810s] -- Configuring done
[2.811s] -- Generating done
[2.812s] -- Build files have been written to: /colcon_ws/build/robot_description
[2.818s] Invoked command in '/colcon_ws/build/robot_description' returned '0': CMAKE_PREFIX_PATH=/opt/ros/foxy /usr/bin/cmake /colcon_ws/src/robot_description -DCMAKE_INSTALL_PREFIX=/colcon_ws/install/robot_description
[2.825s] Invoking command in '/colcon_ws/build/robot_description': CMAKE_PREFIX_PATH=/opt/ros/foxy /usr/bin/cmake --build /colcon_ws/build/robot_description -- -j24 -l24
[2.873s] Invoked command in '/colcon_ws/build/robot_description' returned '0': CMAKE_PREFIX_PATH=/opt/ros/foxy /usr/bin/cmake --build /colcon_ws/build/robot_description -- -j24 -l24
[2.876s] Invoking command in '/colcon_ws/build/robot_description': CMAKE_PREFIX_PATH=/opt/ros/foxy /usr/bin/cmake --install /colcon_ws/build/robot_description
[2.890s] -- Install configuration: ""
[2.890s] -- Installing: /colcon_ws/install/robot_description/share/robot_description/launch
[2.890s] -- Installing: /colcon_ws/install/robot_description/share/robot_description/launch/spawn_robot.launch.py
[2.890s] -- Installing: /colcon_ws/install/robot_description/share/robot_description/meshes
[2.891s] -- Installing: /colcon_ws/install/robot_description/share/robot_description/meshes/L52.STL
[2.891s] -- Installing: /colcon_ws/install/robot_description/share/robot_description/meshes/base_link.STL
[2.891s] -- Installing: /colcon_ws/install/robot_description/share/robot_description/meshes/L61.STL
[2.891s] -- Installing: /colcon_ws/install/robot_description/share/robot_description/meshes/L12.STL
[2.891s] -- Installing: /colcon_ws/install/robot_description/share/robot_description/meshes/L51.STL
[2.891s] -- Installing: /colcon_ws/install/robot_description/share/robot_description/meshes/L11.STL
[2.891s] -- Installing: /colcon_ws/install/robot_description/share/robot_description/meshes/L43.STL
[2.891s] -- Installing: /colcon_ws/install/robot_description/share/robot_description/meshes/L23.STL
[2.892s] -- Installing: /colcon_ws/install/robot_description/share/robot_description/meshes/L63.STL
[2.892s] -- Installing: /colcon_ws/install/robot_description/share/robot_description/meshes/L31.STL
[2.892s] -- Installing: /colcon_ws/install/robot_description/share/robot_description/meshes/L42.STL
[2.892s] -- Installing: /colcon_ws/install/robot_description/share/robot_description/meshes/L32.STL
[2.892s] -- Installing: /colcon_ws/install/robot_description/share/robot_description/meshes/L41.STL
[2.892s] -- Installing: /colcon_ws/install/robot_description/share/robot_description/meshes/L62.STL
[2.892s] -- Installing: /colcon_ws/install/robot_description/share/robot_description/meshes/L22.STL
[2.892s] -- Installing: /colcon_ws/install/robot_description/share/robot_description/meshes/L21.STL
[2.892s] -- Installing: /colcon_ws/install/robot_description/share/robot_description/meshes/L53.STL
[2.892s] -- Installing: /colcon_ws/install/robot_description/share/robot_description/meshes/L33.STL
[2.892s] -- Installing: /colcon_ws/install/robot_description/share/robot_description/meshes/L13.STL
[2.892s] -- Installing: /colcon_ws/install/robot_description/share/robot_description/urdf
[2.893s] -- Installing: /colcon_ws/install/robot_description/share/robot_description/urdf/hexapod.urdf.xacro
[2.893s] -- Installing: /colcon_ws/install/robot_description/share/robot_description/models
[2.893s] -- Installing: /colcon_ws/install/robot_description/share/robot_description/models/materials
[2.893s] -- Installing: /colcon_ws/install/robot_description/share/robot_description/models/materials/textures
[2.893s] -- Installing: /colcon_ws/install/robot_description/share/robot_description/models/materials/textures/asphalt.png
[2.897s] -- Installing: /colcon_ws/install/robot_description/share/robot_description/models/materials/textures/silver_foil.jpg
[2.899s] -- Installing: /colcon_ws/install/robot_description/share/robot_description/models/materials/scripts
[2.899s] -- Installing: /colcon_ws/install/robot_description/share/robot_description/models/materials/scripts/silver_foil.material
[2.899s] -- Installing: /colcon_ws/install/robot_description/share/robot_description/models/materials/scripts/asphalt.material
[2.899s] -- Installing: /colcon_ws/install/robot_description/share/robot_description/models/grass_plane
[2.899s] -- Installing: /colcon_ws/install/robot_description/share/robot_description/models/grass_plane/model.sdf
[2.900s] -- Installing: /colcon_ws/install/robot_description/share/robot_description/models/grass_plane/model.config
[2.900s] -- Installing: /colcon_ws/install/robot_description/share/robot_description/worlds
[2.900s] -- Installing: /colcon_ws/install/robot_description/share/robot_description/worlds/asphalt.world
[2.900s] -- Installing: /colcon_ws/install/robot_description/share/robot_description/worlds/empty.world
[2.900s] -- Installing: /colcon_ws/install/robot_description/share/ament_index/resource_index/package_run_dependencies/robot_description
[2.900s] -- Installing: /colcon_ws/install/robot_description/share/ament_index/resource_index/parent_prefix_path/robot_description
[2.900s] -- Installing: /colcon_ws/install/robot_description/share/robot_description/environment/ament_prefix_path.sh
[2.900s] -- Installing: /colcon_ws/install/robot_description/share/robot_description/environment/ament_prefix_path.dsv
[2.900s] -- Installing: /colcon_ws/install/robot_description/share/robot_description/environment/path.sh
[2.900s] -- Installing: /colcon_ws/install/robot_description/share/robot_description/environment/path.dsv
[2.900s] -- Installing: /colcon_ws/install/robot_description/share/robot_description/local_setup.bash
[2.901s] -- Installing: /colcon_ws/install/robot_description/share/robot_description/local_setup.sh
[2.901s] -- Installing: /colcon_ws/install/robot_description/share/robot_description/local_setup.zsh
[2.901s] -- Installing: /colcon_ws/install/robot_description/share/robot_description/local_setup.dsv
[2.901s] -- Installing: /colcon_ws/install/robot_description/share/robot_description/package.dsv
[2.901s] -- Installing: /colcon_ws/install/robot_description/share/ament_index/resource_index/packages/robot_description
[2.901s] -- Installing: /colcon_ws/install/robot_description/share/robot_description/cmake/robot_descriptionConfig.cmake
[2.901s] -- Installing: /colcon_ws/install/robot_description/share/robot_description/cmake/robot_descriptionConfig-version.cmake
[2.901s] -- Installing: /colcon_ws/install/robot_description/share/robot_description/package.xml
[2.902s] Invoked command in '/colcon_ws/build/robot_description' returned '0': CMAKE_PREFIX_PATH=/opt/ros/foxy /usr/bin/cmake --install /colcon_ws/build/robot_description
