-- The C compiler identification is GNU 9.4.0
-- The CXX compiler identification is GNU 9.4.0
-- Check for working C compiler: /usr/bin/cc
-- Check for working C compiler: /usr/bin/cc -- works
-- Detecting C compiler ABI info
-- Detecting C compiler ABI info - done
-- Detecting C compile features
-- Detecting C compile features - done
-- Check for working CXX compiler: /usr/bin/c++
-- Check for working CXX compiler: /usr/bin/c++ -- works
-- Detecting CXX compiler ABI info
-- Detecting CXX compiler ABI info - done
-- Detecting CXX compile features
-- Detecting CXX compile features - done
-- Found ament_cmake: 0.9.12 (/opt/ros/foxy/share/ament_cmake/cmake)
-- Found PythonInterp: /usr/bin/python3 (found suitable version "3.8.10", minimum required is "3") 
-- Using PYTHON_EXECUTABLE: /usr/bin/python3
-- Found ament_lint_auto: 0.9.8 (/opt/ros/foxy/share/ament_lint_auto/cmake)
-- Added test 'copyright' to check source files copyright and LICENSE
-- Added test 'lint_cmake' to check CMake code style
-- Added test 'xmllint' to check XML markup files
-- Configuring done
-- Generating done
-- Build files have been written to: /colcon_ws/build/robot_motion_generator
-- Install configuration: ""
-- Installing: /colcon_ws/install/robot_motion_generator/share/ament_index/resource_index/package_run_dependencies/robot_motion_generator
-- Installing: /colcon_ws/install/robot_motion_generator/share/ament_index/resource_index/parent_prefix_path/robot_motion_generator
-- Installing: /colcon_ws/install/robot_motion_generator/share/robot_motion_generator/environment/ament_prefix_path.sh
-- Installing: /colcon_ws/install/robot_motion_generator/share/robot_motion_generator/environment/ament_prefix_path.dsv
-- Installing: /colcon_ws/install/robot_motion_generator/share/robot_motion_generator/environment/path.sh
-- Installing: /colcon_ws/install/robot_motion_generator/share/robot_motion_generator/environment/path.dsv
-- Installing: /colcon_ws/install/robot_motion_generator/share/robot_motion_generator/local_setup.bash
-- Installing: /colcon_ws/install/robot_motion_generator/share/robot_motion_generator/local_setup.sh
-- Installing: /colcon_ws/install/robot_motion_generator/share/robot_motion_generator/local_setup.zsh
-- Installing: /colcon_ws/install/robot_motion_generator/share/robot_motion_generator/local_setup.dsv
-- Installing: /colcon_ws/install/robot_motion_generator/share/robot_motion_generator/package.dsv
-- Installing: /colcon_ws/install/robot_motion_generator/share/ament_index/resource_index/packages/robot_motion_generator
-- Installing: /colcon_ws/install/robot_motion_generator/share/robot_motion_generator/cmake/robot_motion_generatorConfig.cmake
-- Installing: /colcon_ws/install/robot_motion_generator/share/robot_motion_generator/cmake/robot_motion_generatorConfig-version.cmake
-- Installing: /colcon_ws/install/robot_motion_generator/share/robot_motion_generator/package.xml
