[0.022s] Invoking command in '/colcon_ws/build/robot_motion_generator': CMAKE_PREFIX_PATH=/opt/ros/foxy /usr/bin/cmake /colcon_ws/src/robot_motion_generator -DCMAKE_INSTALL_PREFIX=/colcon_ws/install/robot_motion_generator
[0.064s] -- The C compiler identification is GNU 9.4.0
[0.096s] -- The CXX compiler identification is GNU 9.4.0
[0.099s] -- Check for working C compiler: /usr/bin/cc
[0.164s] -- Check for working C compiler: /usr/bin/cc -- works
[0.165s] -- Detecting C compiler ABI info
[0.214s] -- Detecting C compiler ABI info - done
[0.222s] -- Detecting C compile features
[0.222s] -- Detecting C compile features - done
[0.223s] -- Check for working CXX compiler: /usr/bin/c++
[0.292s] -- Check for working CXX compiler: /usr/bin/c++ -- works
[0.293s] -- Detecting CXX compiler ABI info
[0.344s] -- Detecting CXX compiler ABI info - done
[0.349s] -- Detecting CXX compile features
[0.349s] -- Detecting CXX compile features - done
[0.350s] -- Found ament_cmake: 0.9.12 (/opt/ros/foxy/share/ament_cmake/cmake)
[0.362s] -- Found PythonInterp: /usr/bin/python3 (found suitable version "3.8.10", minimum required is "3") 
[0.362s] -- Using PYTHON_EXECUTABLE: /usr/bin/python3
[0.454s] -- Found ament_lint_auto: 0.9.8 (/opt/ros/foxy/share/ament_lint_auto/cmake)
[0.493s] -- Added test 'copyright' to check source files copyright and LICENSE
[0.494s] -- Added test 'lint_cmake' to check CMake code style
[0.495s] -- Added test 'xmllint' to check XML markup files
[0.496s] -- Configuring done
[0.497s] -- Generating done
[0.497s] -- Build files have been written to: /colcon_ws/build/robot_motion_generator
[0.504s] Invoked command in '/colcon_ws/build/robot_motion_generator' returned '0': CMAKE_PREFIX_PATH=/opt/ros/foxy /usr/bin/cmake /colcon_ws/src/robot_motion_generator -DCMAKE_INSTALL_PREFIX=/colcon_ws/install/robot_motion_generator
[0.506s] Invoking command in '/colcon_ws/build/robot_motion_generator': CMAKE_PREFIX_PATH=/opt/ros/foxy /usr/bin/cmake --build /colcon_ws/build/robot_motion_generator -- -j24 -l24
[0.536s] Invoked command in '/colcon_ws/build/robot_motion_generator' returned '0': CMAKE_PREFIX_PATH=/opt/ros/foxy /usr/bin/cmake --build /colcon_ws/build/robot_motion_generator -- -j24 -l24
[0.548s] Invoking command in '/colcon_ws/build/robot_motion_generator': CMAKE_PREFIX_PATH=/opt/ros/foxy /usr/bin/cmake --install /colcon_ws/build/robot_motion_generator
[0.554s] -- Install configuration: ""
[0.554s] -- Installing: /colcon_ws/install/robot_motion_generator/share/ament_index/resource_index/package_run_dependencies/robot_motion_generator
[0.554s] -- Installing: /colcon_ws/install/robot_motion_generator/share/ament_index/resource_index/parent_prefix_path/robot_motion_generator
[0.554s] -- Installing: /colcon_ws/install/robot_motion_generator/share/robot_motion_generator/environment/ament_prefix_path.sh
[0.554s] -- Installing: /colcon_ws/install/robot_motion_generator/share/robot_motion_generator/environment/ament_prefix_path.dsv
[0.554s] -- Installing: /colcon_ws/install/robot_motion_generator/share/robot_motion_generator/environment/path.sh
[0.554s] -- Installing: /colcon_ws/install/robot_motion_generator/share/robot_motion_generator/environment/path.dsv
[0.554s] -- Installing: /colcon_ws/install/robot_motion_generator/share/robot_motion_generator/local_setup.bash
[0.554s] -- Installing: /colcon_ws/install/robot_motion_generator/share/robot_motion_generator/local_setup.sh
[0.554s] -- Installing: /colcon_ws/install/robot_motion_generator/share/robot_motion_generator/local_setup.zsh
[0.554s] -- Installing: /colcon_ws/install/robot_motion_generator/share/robot_motion_generator/local_setup.dsv
[0.554s] -- Installing: /colcon_ws/install/robot_motion_generator/share/robot_motion_generator/package.dsv
[0.554s] -- Installing: /colcon_ws/install/robot_motion_generator/share/ament_index/resource_index/packages/robot_motion_generator
[0.554s] -- Installing: /colcon_ws/install/robot_motion_generator/share/robot_motion_generator/cmake/robot_motion_generatorConfig.cmake
[0.554s] -- Installing: /colcon_ws/install/robot_motion_generator/share/robot_motion_generator/cmake/robot_motion_generatorConfig-version.cmake
[0.554s] -- Installing: /colcon_ws/install/robot_motion_generator/share/robot_motion_generator/package.xml
[0.556s] Invoked command in '/colcon_ws/build/robot_motion_generator' returned '0': CMAKE_PREFIX_PATH=/opt/ros/foxy /usr/bin/cmake --install /colcon_ws/build/robot_motion_generator
